Running: C:\Xilinx2\14.7\ISE_DS\ISE\bin\nt64\unwrapped\fuse.exe -intstyle ise -incremental -lib unisims_ver -lib unimacro_ver -lib xilinxcorelib_ver -lib secureip -o C:/acads/parrking/test_isim_beh.exe -prj C:/acads/parrking/test_beh.prj work.test work.glbl 
ISim P.20131013 (signature 0x7708f090)
Number of CPUs detected in this system: 8
Turning on mult-threading, number of parallel sub-compilation jobs: 16 
Determining compilation order of HDL files
Analyzing Verilog file "C:/acads/parrking/fsm.v" into library work
Analyzing Verilog file "C:/acads/parrking/counter.v" into library work
Analyzing Verilog file "C:/acads/parrking/parking.v" into library work
Analyzing Verilog file "C:/acads/parrking/test.v" into library work
Analyzing Verilog file "C:/Xilinx2/14.7/ISE_DS/ISE//verilog/src/glbl.v" into library work
Starting static elaboration
Completed static elaboration
Compiling module fsm
Compiling module counter
Compiling module parking
Compiling module test
Compiling module glbl
Time Resolution for simulation is 1ps.
Compiled 5 Verilog Units
Built simulation executable C:/acads/parrking/test_isim_beh.exe
Fuse Memory Usage: 28508 KB
Fuse CPU Usage: 764 ms
