Running: C:\Xilinx2\14.7\ISE_DS\ISE\bin\nt64\unwrapped\fuse.exe -intstyle ise -incremental -lib unisims_ver -lib unimacro_ver -lib xilinxcorelib_ver -lib secureip -o C:/acads/multiplier_baugh/testbench_isim_beh.exe -prj C:/acads/multiplier_baugh/testbench_beh.prj work.testbench work.glbl 
ISim P.20131013 (signature 0x7708f090)
Number of CPUs detected in this system: 8
Turning on mult-threading, number of parallel sub-compilation jobs: 16 
Determining compilation order of HDL files
Analyzing Verilog file "C:/acads/multiplier_baugh/Halfadder.v" into library work
Analyzing Verilog file "C:/acads/multiplier_baugh/Fulladder.v" into library work
Analyzing Verilog file "C:/acads/multiplier_baugh/mul.v" into library work
Analyzing Verilog file "C:/acads/multiplier_baugh/testbench.v" into library work
Analyzing Verilog file "C:/Xilinx2/14.7/ISE_DS/ISE//verilog/src/glbl.v" into library work
Starting static elaboration
Completed static elaboration
Compiling module Halfadder
Compiling module Fulladder
Compiling module mul
Compiling module testbench
Compiling module glbl
Time Resolution for simulation is 1ps.
Compiled 5 Verilog Units
Built simulation executable C:/acads/multiplier_baugh/testbench_isim_beh.exe
Fuse Memory Usage: 29708 KB
Fuse CPU Usage: 765 ms
